<?xml version="1.0" encoding="UTF-8"?>
<testsuite name="spec.Base" tests="0" skipped="0" failures="0" errors="0" timestamp="1970-01-01T00:00:00" hostname="Ligias-Air.home" time="0.0">
  <properties/>
  <system-out><![CDATA[TESTE####################]]></system-out>
  <system-err><![CDATA[Starting ChromeDriver 2.32.498537 (cb2f855cbc7b82e20387eaf9a43f6b99b6105061) on port 26363
Only local connections are allowed.
May 12, 2019 10:16:40 PM org.openqa.selenium.remote.ProtocolHandshake createSession
INFO: Detected dialect: OSS
]]></system-err>
</testsuite>
